<?xml version="1.0" encoding="UTF-8"?>
<testsuite xmlns:xsi="http://www.w3.org/2001/XMLSchema-instance" xsi:noNamespaceSchemaLocation="https://maven.apache.org/surefire/maven-surefire-plugin/xsd/surefire-test-report-3.0.xsd" version="3.0" name="Validating the Adactin Hotel application" time="7.712" tests="1" errors="1" skipped="0" failures="0">
  <properties>
[...]
</properties>
  <testcase name="Validating the user registration form" classname="Validating the Adactin Hotel application" time="7.712">
    <error message="no such element: Unable to locate element: {&quot;method&quot;:&quot;css selector&quot;,&quot;selector&quot;:&quot;#full_nam&quot;}&#10;  (Session info: chrome=143.0.7499.193)&#10;For documentation on this error, please visit: https://www.selenium.dev/documentation/webdriver/troubleshooting/errors#nosuchelementexception&#10;Build info: version: &apos;4.38.0&apos;, revision: &apos;6b412e825c*&apos;&#10;System info: os.name: &apos;Windows 11&apos;, os.arch: &apos;amd64&apos;, os.version: &apos;10.0&apos;, java.version: &apos;11.0.26&apos;&#10;Driver info: org.openqa.selenium.chrome.ChromeDriver&#10;Command: [e710ebdd35413bff937961a0b11f7db7, findElement {using=id, value=full_nam}]&#10;Capabilities {acceptInsecureCerts: false, browserName: chrome, browserVersion: 143.0.7499.193, chrome: {chromedriverVersion: 143.0.7499.192 (be2c1f4fd45..., userDataDir: C:\Users\thang\AppData\Loca...}, fedcm:accounts: true, goog:chromeOptions: {debuggerAddress: localhost:54117}, goog:processID: 12108, networkConnectionEnabled: false, pageLoadStrategy: normal, platformName: windows, proxy: Proxy(), se:cdp: ws://localhost:54117/devtoo..., se:cdpVersion: 143.0.7499.193, setWindowRect: true, strictFileInteractability: false, timeouts: {implicit: 0, pageLoad: 300000, script: 30000}, unhandledPromptBehavior: dismiss and notify, webauthn:extension:credBlob: true, webauthn:extension:largeBlob: true, webauthn:extension:minPinLength: true, webauthn:extension:prf: true, webauthn:virtualAuthenticators: true}&#10;Session ID: e710ebdd35413bff937961a0b11f7db7" type="org.openqa.selenium.NoSuchElementException"><![CDATA[org.openqa.selenium.NoSuchElementException: 
no such element: Unable to locate element: {"method":"css selector","selector":"#full_nam"}
  (Session info: chrome=143.0.7499.193)
For documentation on this error, please visit: https://www.selenium.dev/documentation/webdriver/troubleshooting/errors#nosuchelementexception
Build info: version: '4.38.0', revision: '6b412e825c*'
System info: os.name: 'Windows 11', os.arch: 'amd64', os.version: '10.0', java.version: '11.0.26'
Driver info: org.openqa.selenium.chrome.ChromeDriver
Command: [e710ebdd35413bff937961a0b11f7db7, findElement {using=id, value=full_nam}]
Capabilities {acceptInsecureCerts: false, browserName: chrome, browserVersion: 143.0.7499.193, chrome: {chromedriverVersion: 143.0.7499.192 (be2c1f4fd45..., userDataDir: C:\Users\thang\AppData\Loca...}, fedcm:accounts: true, goog:chromeOptions: {debuggerAddress: localhost:54117}, goog:processID: 12108, networkConnectionEnabled: false, pageLoadStrategy: normal, platformName: windows, proxy: Proxy(), se:cdp: ws://localhost:54117/devtoo..., se:cdpVersion: 143.0.7499.193, setWindowRect: true, strictFileInteractability: false, timeouts: {implicit: 0, pageLoad: 300000, script: 30000}, unhandledPromptBehavior: dismiss and notify, webauthn:extension:credBlob: true, webauthn:extension:largeBlob: true, webauthn:extension:minPinLength: true, webauthn:extension:prf: true, webauthn:virtualAuthenticators: true}
Session ID: e710ebdd35413bff937961a0b11f7db7
]]></error>
    <system-out><![CDATA[
@Regression @AdactinHotelRegistrationTC001
&amp#27;[1mScenario:&amp#27;[22m Validating the user registration form                                                    &amp#27;[90m# src/test/resources/FeatureFiles/adactinHotel.feature:8&amp#27;[39m
Before Scenario Hook executed
  &amp#27;[32mâœ”&amp#27;[39m &amp#27;[32m&amp#27;[1mGiven &amp#27;[22muser launch the Adactin Hotel application&amp#27;[39m                                                &amp#27;[90m# stepPack.AdactinHotelRegistration.user_launch_the_adactin_hotel_application()&amp#27;[39m
  &amp#27;[32mâœ”&amp#27;[39m &amp#27;[32m&amp#27;[1mWhen &amp#27;[22muser click on the New User Register Here link&amp#27;[39m                                             &amp#27;[90m# stepPack.AdactinHotelRegistration.user_click_on_the_new_user_register_here_link()&amp#27;[39m
  &amp#27;[31mâœ˜&amp#27;[39m &amp#27;[31m&amp#27;[1mAnd &amp#27;[22muser click and enters all below mandatory values into the all fields&amp#27;[39m                       &amp#27;[90m# stepPack.AdactinHotelRegistration.user_click_and_enters_all_below_mandatory_values_into_the_all_fields(io.cucumber.datatable.DataTable)&amp#27;[39m
      | userName@2025 |
      | password@2025 |
      | password@2025 |
      | John          |
      | Doe@gmail.com |
      | 1234567890    |
        &amp#27;[31morg.openqa.selenium.NoSuchElementException: no such element: Unable to locate element: {"method":"css selector","selector":"#full_nam"}&amp#27;[39m
        &amp#27;[31m  (Session info: chrome=143.0.7499.193)&amp#27;[39m
        &amp#27;[31mFor documentation on this error, please visit: https://www.selenium.dev/documentation/webdriver/troubleshooting/errors#nosuchelementexception&amp#27;[39m
        &amp#27;[31mBuild info: version: '4.38.0', revision: '6b412e825c*'&amp#27;[39m
        &amp#27;[31mSystem info: os.name: 'Windows 11', os.arch: 'amd64', os.version: '10.0', java.version: '11.0.26'&amp#27;[39m
        &amp#27;[31mDriver info: org.openqa.selenium.chrome.ChromeDriver&amp#27;[39m
        &amp#27;[31mCommand: [e710ebdd35413bff937961a0b11f7db7, findElement {using=id, value=full_nam}]&amp#27;[39m
        &amp#27;[31mCapabilities {acceptInsecureCerts: false, browserName: chrome, browserVersion: 143.0.7499.193, chrome: {chromedriverVersion: 143.0.7499.192 (be2c1f4fd45..., userDataDir: C:\Users\thang\AppData\Loca...}, fedcm:accounts: true, goog:chromeOptions: {debuggerAddress: localhost:54117}, goog:processID: 12108, networkConnectionEnabled: false, pageLoadStrategy: normal, platformName: windows, proxy: Proxy(), se:cdp: ws://localhost:54117/devtoo..., se:cdpVersion: 143.0.7499.193, setWindowRect: true, strictFileInteractability: false, timeouts: {implicit: 0, pageLoad: 300000, script: 30000}, unhandledPromptBehavior: dismiss and notify, webauthn:extension:credBlob: true, webauthn:extension:largeBlob: true, webauthn:extension:minPinLength: true, webauthn:extension:prf: true, webauthn:virtualAuthenticators: true}&amp#27;[39m
        &amp#27;[31mSession ID: e710ebdd35413bff937961a0b11f7db7&amp#27;[39m
        &amp#27;[31m	at java.base/jdk.internal.reflect.NativeConstructorAccessorImpl.newInstance0(Native Method)&amp#27;[39m
        &amp#27;[31m	at java.base/jdk.internal.reflect.NativeConstructorAccessorImpl.newInstance(NativeConstructorAccessorImpl.java:62)&amp#27;[39m
        &amp#27;[31m	at java.base/jdk.internal.reflect.DelegatingConstructorAccessorImpl.newInstance(DelegatingConstructorAccessorImpl.java:45)&amp#27;[39m
        &amp#27;[31m	at java.base/java.lang.reflect.Constructor.newInstance(Constructor.java:490)&amp#27;[39m
        &amp#27;[31m	at org.openqa.selenium.remote.ErrorCodec.decode(ErrorCodec.java:167)&amp#27;[39m
        &amp#27;[31m	at org.openqa.selenium.remote.codec.w3c.W3CHttpResponseCodec.decode(W3CHttpResponseCodec.java:138)&amp#27;[39m
        &amp#27;[31m	at org.openqa.selenium.remote.codec.w3c.W3CHttpResponseCodec.decode(W3CHttpResponseCodec.java:50)&amp#27;[39m
        &amp#27;[31m	at org.openqa.selenium.remote.HttpCommandExecutor.execute(HttpCommandExecutor.java:215)&amp#27;[39m
        &amp#27;[31m	at org.openqa.selenium.remote.service.DriverCommandExecutor.invokeExecute(DriverCommandExecutor.java:216)&amp#27;[39m
        &amp#27;[31m	at org.openqa.selenium.remote.service.DriverCommandExecutor.execute(DriverCommandExecutor.java:174)&amp#27;[39m
        &amp#27;[31m	at org.openqa.selenium.remote.RemoteWebDriver.execute(RemoteWebDriver.java:557)&amp#27;[39m
        &amp#27;[31m	at org.openqa.selenium.remote.ElementLocation$ElementFinder$2.findElement(ElementLocation.java:165)&amp#27;[39m
        &amp#27;[31m	at org.openqa.selenium.remote.ElementLocation.findElement(ElementLocation.java:59)&amp#27;[39m
        &amp#27;[31m	at org.openqa.selenium.remote.RemoteWebDriver.findElement(RemoteWebDriver.java:380)&amp#27;[39m
        &amp#27;[31m	at org.openqa.selenium.remote.RemoteWebDriver.findElement(RemoteWebDriver.java:374)&amp#27;[39m
        &amp#27;[31m	at org.openqa.selenium.support.pagefactory.DefaultElementLocator.findElement(DefaultElementLocator.java:68)&amp#27;[39m
        &amp#27;[31m	at org.openqa.selenium.support.pagefactory.internal.LocatingElementHandler.invoke(LocatingElementHandler.java:38)&amp#27;[39m
        &amp#27;[31m	at com.sun.proxy.$Proxy22.sendKeys(Unknown Source)&amp#27;[39m
        &amp#27;[31m	at pagePack.AdactinHotelRegistrationPageObject.enterFullName(AdactinHotelRegistrationPageObject.java:56)&amp#27;[39m
        &amp#27;[31m	at stepPack.AdactinHotelRegistration.user_click_and_enters_all_below_mandatory_values_into_the_all_fields(AdactinHotelRegistration.java:31)&amp#27;[39m
        &amp#27;[31m	at âœ½.user click and enters all below mandatory values into the all fields(file:///C:/Users/thang/OneDrive/Desktop/EclipseWorkspace/CucumberProjectFramework/src/test/resources/FeatureFiles/adactinHotel.feature:11)&amp#27;[39m
  &amp#27;[36mâ†·&amp#27;[39m &amp#27;[36m&amp#27;[1mAnd &amp#27;[22muser click the terms and condition checkbix on the Register button&amp#27;[39m                         &amp#27;[90m# stepPack.AdactinHotelRegistration.user_click_the_terms_and_condition_checkbix_on_the_register_button()&amp#27;[39m
  &amp#27;[36mâ†·&amp#27;[39m &amp#27;[36m&amp#27;[1mAnd &amp#27;[22muser click on the Register button&amp#27;[39m                                                          &amp#27;[90m# stepPack.AdactinHotelRegistration.user_click_on_the_register_button()&amp#27;[39m
  &amp#27;[36mâ†·&amp#27;[39m &amp#27;[36m&amp#27;[1mThen &amp#27;[22muser verify that the registration is successful and user is navigated to the login screen&amp#27;[39m &amp#27;[90m# stepPack.AdactinHotelRegistration.user_verify_that_the_registration_is_successful_and_user_is_navigated_to_the_login_screen()&amp#27;[39m
]]></system-out>
    <system-err><![CDATA[Jan 26, 2026 3:02:25 PM org.openqa.selenium.devtools.CdpVersionFinder findNearestMatch
WARNING: Unable to find an exact match for CDP version 143, returning the closest version; found: 142; Please update to a Selenium version that supports CDP version 143
]]></system-err>
  </testcase>
</testsuite>