<?xml version="1.0" encoding="UTF-8"?>
<testng-results ignored="0" total="4" passed="4" failed="0" skipped="0">
  <reporter-output>
  </reporter-output>
  <suite started-at="2026-01-26T16:42:23 IST" name="Default suite" finished-at="2026-01-26T16:43:31 IST" duration-ms="67311">
    <groups>
      <group name="cucumber">
        <method signature="AbstractTestNGCucumberTests.runScenario(io.cucumber.testng.PickleWrapper,io.cucumber.testng.FeatureWrapper)[pri:0, instance:runnerPack.RunnerClassForParallelExecution@1757cd72]" name="runScenario" class="io.cucumber.testng.AbstractTestNGCucumberTests"/>
      </group> <!-- cucumber -->
    </groups>
    <test started-at="2026-01-26T16:42:23 IST" name="Default test" finished-at="2026-01-26T16:43:31 IST" duration-ms="67311">
      <class name="runnerPack.RunnerClassForParallelExecution">
        <test-method is-config="true" signature="setUpClass(org.testng.ITestContext)[pri:0, instance:runnerPack.RunnerClassForParallelExecution@1757cd72]" started-at="2026-01-26T16:42:23 IST" name="setUpClass" finished-at="2026-01-26T16:42:27 IST" duration-ms="3742" status="PASS">
          <params>
            <param index="0">
              <value>
                <![CDATA[org.testng.TestRunner@af9a89f]]>
              </value>
            </param>
          </params>
          <reporter-output>
          </reporter-output>
        </test-method> <!-- setUpClass -->
        <test-method signature="runScenario(io.cucumber.testng.PickleWrapper,io.cucumber.testng.FeatureWrapper)[pri:0, instance:runnerPack.RunnerClassForParallelExecution@1757cd72]" started-at="2026-01-26T16:42:27 IST" name="runScenario" description="Runs Cucumber Scenarios" data-provider="scenarios" finished-at="2026-01-26T16:43:23 IST" duration-ms="55770" status="PASS">
          <params>
            <param index="0">
              <value>
                <![CDATA["Negative validation with multiple test datas"]]>
              </value>
            </param>
            <param index="1">
              <value>
                <![CDATA["Validating the Orange HRM login Screen"]]>
              </value>
            </param>
          </params>
          <reporter-output>
          </reporter-output>
        </test-method> <!-- runScenario -->
        <test-method signature="runScenario(io.cucumber.testng.PickleWrapper,io.cucumber.testng.FeatureWrapper)[pri:0, instance:runnerPack.RunnerClassForParallelExecution@1757cd72]" started-at="2026-01-26T16:42:27 IST" name="runScenario" description="Runs Cucumber Scenarios" data-provider="scenarios" finished-at="2026-01-26T16:43:06 IST" duration-ms="39297" status="PASS">
          <params>
            <param index="0">
              <value>
                <![CDATA["Positive Validation of the Orange HRM login screen"]]>
              </value>
            </param>
            <param index="1">
              <value>
                <![CDATA["Validating the Orange HRM login Screen"]]>
              </value>
            </param>
          </params>
          <reporter-output>
          </reporter-output>
        </test-method> <!-- runScenario -->
        <test-method signature="runScenario(io.cucumber.testng.PickleWrapper,io.cucumber.testng.FeatureWrapper)[pri:0, instance:runnerPack.RunnerClassForParallelExecution@1757cd72]" started-at="2026-01-26T16:42:27 IST" name="runScenario" description="Runs Cucumber Scenarios" data-provider="scenarios" finished-at="2026-01-26T16:43:27 IST" duration-ms="60190" status="PASS">
          <params>
            <param index="0">
              <value>
                <![CDATA["Validating the user registration form"]]>
              </value>
            </param>
            <param index="1">
              <value>
                <![CDATA["Validating the Adactin Hotel application"]]>
              </value>
            </param>
          </params>
          <reporter-output>
          </reporter-output>
        </test-method> <!-- runScenario -->
        <test-method signature="runScenario(io.cucumber.testng.PickleWrapper,io.cucumber.testng.FeatureWrapper)[pri:0, instance:runnerPack.RunnerClassForParallelExecution@1757cd72]" started-at="2026-01-26T16:42:27 IST" name="runScenario" description="Runs Cucumber Scenarios" data-provider="scenarios" finished-at="2026-01-26T16:43:27 IST" duration-ms="59845" status="PASS">
          <params>
            <param index="0">
              <value>
                <![CDATA["Negative Validation of the Orange HRM login screen"]]>
              </value>
            </param>
            <param index="1">
              <value>
                <![CDATA["Validating the Orange HRM login Screen"]]>
              </value>
            </param>
          </params>
          <reporter-output>
          </reporter-output>
        </test-method> <!-- runScenario -->
        <test-method is-config="true" signature="tearDownClass()[pri:0, instance:runnerPack.RunnerClassForParallelExecution@1757cd72]" started-at="2026-01-26T16:43:27 IST" name="tearDownClass" finished-at="2026-01-26T16:43:31 IST" duration-ms="3138" status="PASS">
          <reporter-output>
          </reporter-output>
        </test-method> <!-- tearDownClass -->
      </class> <!-- runnerPack.RunnerClassForParallelExecution -->
    </test> <!-- Default test -->
  </suite> <!-- Default suite -->
</testng-results>
