<?xml version="1.0" encoding="UTF-8"?>
<!-- Generated by org.testng.reporters.JUnitReportReporter -->
<testsuite hostname="Thangaraj" failures="0" tests="4" name="runnerPack.RunnerClassForParallelExecution" time="215.102" errors="0" timestamp="2026-01-26T16:43:31 IST" skipped="0">
  <testcase classname="runnerPack.RunnerClassForParallelExecution" name="runScenario" time="39.297"/>
  <testcase classname="runnerPack.RunnerClassForParallelExecution" name="runScenario" time="60.190"/>
  <testcase classname="runnerPack.RunnerClassForParallelExecution" name="runScenario" time="55.770"/>
  <testcase classname="runnerPack.RunnerClassForParallelExecution" name="runScenario" time="59.845"/>
</testsuite> <!-- runnerPack.RunnerClassForParallelExecution -->
